<?xml version="1.0" encoding="UTF-8"?>
<testsuite name="com.cabinvoicegenerator.CabInvoiceGeneratorTest" tests="1" skipped="0" failures="0" errors="0" timestamp="2021-09-28T19:34:46" hostname="DESKTOP-U9VT6NQ" time="0.047">
  <properties/>
  <testcase name="givenDistanceAndTime_shouldReturnPremiumTotalFare()" classname="com.cabinvoicegenerator.CabInvoiceGeneratorTest" time="0.047"/>
  <system-out><![CDATA[]]></system-out>
  <system-err><![CDATA[]]></system-err>
</testsuite>
